{"uuid":"8830758d-8041-4031-aba0-97f3aa3bb6af","historyId":"843b9d874aa5a17c87212c86ba22b329","fullName":"src/test/resources/features/Demo_Pricing.feature:3","labels":[{"name":"host","value":"SAGAR"},{"name":"thread","value":"17360@SAGAR.main(1)"},{"name":"feature","value":"Automation demo, pricing and sub option on OpenEduCat"},{"name":"story","value":"Automation demo, pricing and sub option"},{"name":"suite","value":"Automation demo, pricing and sub option on OpenEduCat"},{"name":"testClass","value":"Automation demo, pricing and sub option"},{"name":"framework","value":"cucumber4jvm"},{"name":"language","value":"java"},{"name":"gherkin_uri","value":"file:///C:/Users/Admin/Desktop/Work/Digital_School_Cucumber/src/test/resources/features/Demo_Pricing.feature"},{"name":"package","value":"src.test.resources.features.Demo_Pricing_feature.Automation demo, pricing and sub option on OpenEduCat"}],"links":[],"name":"Automation demo, pricing and sub option","status":"broken","statusDetails":{"known":false,"muted":false,"flaky":false,"message":"element click intercepted: Element <div class=\"enterprise_name px-0\" parent=\"package\" title=\"Pre School\">...</div> is not clickable at point (353, 239). Other element would receive the click: <div class=\"loader_loading\" style=\"z-index: 1101;position: absolute;width: 100%;height: 100%;top: 0;left:0;background-color: rgb(0 0 0 / 42%);\">...</div>\n  (Session info: chrome=143.0.7499.42)\nBuild info: version: '4.21.0', revision: '79ed462ef4'\nSystem info: os.name: 'Windows 10', os.arch: 'amd64', os.version: '10.0', java.version: '21.0.6'\nDriver info: org.openqa.selenium.chrome.ChromeDriver\nCommand: [fe3417e838bf064fd9cfdfd3e0c07d45, clickElement {id=f.A33A888FFE5F205F069766687BFE9F1E.d.21CC931F3D02E9DAAB60976FC7B75576.e.281}]\nCapabilities {acceptInsecureCerts: false, browserName: chrome, browserVersion: 143.0.7499.42, chrome: {chromedriverVersion: 143.0.7499.146 (c1224fc40c9..., userDataDir: C:\\Users\\Admin\\AppData\\Loca...}, fedcm:accounts: true, goog:chromeOptions: {debuggerAddress: localhost:62366}, goog:processID: 13324, networkConnectionEnabled: false, pageLoadStrategy: normal, platformName: windows, proxy: Proxy(), se:cdp: ws://localhost:62366/devtoo..., se:cdpVersion: 143.0.7499.42, setWindowRect: true, strictFileInteractability: false, timeouts: {implicit: 0, pageLoad: 300000, script: 30000}, unhandledPromptBehavior: dismiss and notify, webauthn:extension:credBlob: true, webauthn:extension:largeBlob: true, webauthn:extension:minPinLength: true, webauthn:extension:prf: true, webauthn:virtualAuthenticators: true}\nElement: [[ChromeDriver: chrome on windows (fe3417e838bf064fd9cfdfd3e0c07d45)] -> xpath: (//div[@title='Pre School'])[1]]\nSession ID: fe3417e838bf064fd9cfdfd3e0c07d45","trace":"org.openqa.selenium.ElementClickInterceptedException: element click intercepted: Element <div class=\"enterprise_name px-0\" parent=\"package\" title=\"Pre School\">...</div> is not clickable at point (353, 239). Other element would receive the click: <div class=\"loader_loading\" style=\"z-index: 1101;position: absolute;width: 100%;height: 100%;top: 0;left:0;background-color: rgb(0 0 0 / 42%);\">...</div>\n  (Session info: chrome=143.0.7499.42)\nBuild info: version: '4.21.0', revision: '79ed462ef4'\nSystem info: os.name: 'Windows 10', os.arch: 'amd64', os.version: '10.0', java.version: '21.0.6'\nDriver info: org.openqa.selenium.chrome.ChromeDriver\nCommand: [fe3417e838bf064fd9cfdfd3e0c07d45, clickElement {id=f.A33A888FFE5F205F069766687BFE9F1E.d.21CC931F3D02E9DAAB60976FC7B75576.e.281}]\nCapabilities {acceptInsecureCerts: false, browserName: chrome, browserVersion: 143.0.7499.42, chrome: {chromedriverVersion: 143.0.7499.146 (c1224fc40c9..., userDataDir: C:\\Users\\Admin\\AppData\\Loca...}, fedcm:accounts: true, goog:chromeOptions: {debuggerAddress: localhost:62366}, goog:processID: 13324, networkConnectionEnabled: false, pageLoadStrategy: normal, platformName: windows, proxy: Proxy(), se:cdp: ws://localhost:62366/devtoo..., se:cdpVersion: 143.0.7499.42, setWindowRect: true, strictFileInteractability: false, timeouts: {implicit: 0, pageLoad: 300000, script: 30000}, unhandledPromptBehavior: dismiss and notify, webauthn:extension:credBlob: true, webauthn:extension:largeBlob: true, webauthn:extension:minPinLength: true, webauthn:extension:prf: true, webauthn:virtualAuthenticators: true}\nElement: [[ChromeDriver: chrome on windows (fe3417e838bf064fd9cfdfd3e0c07d45)] -> xpath: (//div[@title='Pre School'])[1]]\nSession ID: fe3417e838bf064fd9cfdfd3e0c07d45\r\n\tat java.base/jdk.internal.reflect.DirectConstructorHandleAccessor.newInstance(DirectConstructorHandleAccessor.java:62)\r\n\tat java.base/java.lang.reflect.Constructor.newInstanceWithCaller(Constructor.java:502)\r\n\tat java.base/java.lang.reflect.Constructor.newInstance(Constructor.java:486)\r\n\tat org.openqa.selenium.remote.ErrorCodec.decode(ErrorCodec.java:167)\r\n\tat org.openqa.selenium.remote.codec.w3c.W3CHttpResponseCodec.decode(W3CHttpResponseCodec.java:138)\r\n\tat org.openqa.selenium.remote.codec.w3c.W3CHttpResponseCodec.decode(W3CHttpResponseCodec.java:50)\r\n\tat org.openqa.selenium.remote.HttpCommandExecutor.execute(HttpCommandExecutor.java:190)\r\n\tat org.openqa.selenium.remote.service.DriverCommandExecutor.invokeExecute(DriverCommandExecutor.java:216)\r\n\tat org.openqa.selenium.remote.service.DriverCommandExecutor.execute(DriverCommandExecutor.java:174)\r\n\tat org.openqa.selenium.remote.RemoteWebDriver.execute(RemoteWebDriver.java:518)\r\n\tat org.openqa.selenium.remote.RemoteWebElement.execute(RemoteWebElement.java:223)\r\n\tat org.openqa.selenium.remote.RemoteWebElement.click(RemoteWebElement.java:76)\r\n\tat stepDefinition.Demo_Pricing.user_click_to_pre_school_and_next(Demo_Pricing.java:42)\r\n\tat ✽.user click to Pre school and next(file:///C:/Users/Admin/Desktop/Work/Digital_School_Cucumber/src/test/resources/features/Demo_Pricing.feature:9)\r\n"},"stage":"finished","steps":[{"name":"Given  User is on website home page for demo, pricing automate","status":"passed","statusDetails":{"known":false,"muted":false,"flaky":false},"stage":"finished","steps":[],"attachments":[],"parameters":[],"start":1765956789994,"stop":1765956872564},{"name":"And  user click to Demo and navigate","status":"passed","statusDetails":{"known":false,"muted":false,"flaky":false},"stage":"finished","steps":[],"attachments":[],"parameters":[],"start":1765956872565,"stop":1765956883552},{"name":"And  user click to pricing","status":"passed","statusDetails":{"known":false,"muted":false,"flaky":false},"stage":"finished","steps":[],"attachments":[],"parameters":[],"start":1765956883554,"stop":1765956890362},{"name":"And  user click to On cloud","status":"passed","statusDetails":{"known":false,"muted":false,"flaky":false},"stage":"finished","steps":[],"attachments":[],"parameters":[],"start":1765956890362,"stop":1765956936910},{"name":"And  user click to Pre school and next","status":"broken","statusDetails":{"known":false,"muted":false,"flaky":false,"message":"element click intercepted: Element <div class=\"enterprise_name px-0\" parent=\"package\" title=\"Pre School\">...</div> is not clickable at point (353, 239). Other element would receive the click: <div class=\"loader_loading\" style=\"z-index: 1101;position: absolute;width: 100%;height: 100%;top: 0;left:0;background-color: rgb(0 0 0 / 42%);\">...</div>\n  (Session info: chrome=143.0.7499.42)\nBuild info: version: '4.21.0', revision: '79ed462ef4'\nSystem info: os.name: 'Windows 10', os.arch: 'amd64', os.version: '10.0', java.version: '21.0.6'\nDriver info: org.openqa.selenium.chrome.ChromeDriver\nCommand: [fe3417e838bf064fd9cfdfd3e0c07d45, clickElement {id=f.A33A888FFE5F205F069766687BFE9F1E.d.21CC931F3D02E9DAAB60976FC7B75576.e.281}]\nCapabilities {acceptInsecureCerts: false, browserName: chrome, browserVersion: 143.0.7499.42, chrome: {chromedriverVersion: 143.0.7499.146 (c1224fc40c9..., userDataDir: C:\\Users\\Admin\\AppData\\Loca...}, fedcm:accounts: true, goog:chromeOptions: {debuggerAddress: localhost:62366}, goog:processID: 13324, networkConnectionEnabled: false, pageLoadStrategy: normal, platformName: windows, proxy: Proxy(), se:cdp: ws://localhost:62366/devtoo..., se:cdpVersion: 143.0.7499.42, setWindowRect: true, strictFileInteractability: false, timeouts: {implicit: 0, pageLoad: 300000, script: 30000}, unhandledPromptBehavior: dismiss and notify, webauthn:extension:credBlob: true, webauthn:extension:largeBlob: true, webauthn:extension:minPinLength: true, webauthn:extension:prf: true, webauthn:virtualAuthenticators: true}\nElement: [[ChromeDriver: chrome on windows (fe3417e838bf064fd9cfdfd3e0c07d45)] -> xpath: (//div[@title='Pre School'])[1]]\nSession ID: fe3417e838bf064fd9cfdfd3e0c07d45","trace":"org.openqa.selenium.ElementClickInterceptedException: element click intercepted: Element <div class=\"enterprise_name px-0\" parent=\"package\" title=\"Pre School\">...</div> is not clickable at point (353, 239). Other element would receive the click: <div class=\"loader_loading\" style=\"z-index: 1101;position: absolute;width: 100%;height: 100%;top: 0;left:0;background-color: rgb(0 0 0 / 42%);\">...</div>\n  (Session info: chrome=143.0.7499.42)\nBuild info: version: '4.21.0', revision: '79ed462ef4'\nSystem info: os.name: 'Windows 10', os.arch: 'amd64', os.version: '10.0', java.version: '21.0.6'\nDriver info: org.openqa.selenium.chrome.ChromeDriver\nCommand: [fe3417e838bf064fd9cfdfd3e0c07d45, clickElement {id=f.A33A888FFE5F205F069766687BFE9F1E.d.21CC931F3D02E9DAAB60976FC7B75576.e.281}]\nCapabilities {acceptInsecureCerts: false, browserName: chrome, browserVersion: 143.0.7499.42, chrome: {chromedriverVersion: 143.0.7499.146 (c1224fc40c9..., userDataDir: C:\\Users\\Admin\\AppData\\Loca...}, fedcm:accounts: true, goog:chromeOptions: {debuggerAddress: localhost:62366}, goog:processID: 13324, networkConnectionEnabled: false, pageLoadStrategy: normal, platformName: windows, proxy: Proxy(), se:cdp: ws://localhost:62366/devtoo..., se:cdpVersion: 143.0.7499.42, setWindowRect: true, strictFileInteractability: false, timeouts: {implicit: 0, pageLoad: 300000, script: 30000}, unhandledPromptBehavior: dismiss and notify, webauthn:extension:credBlob: true, webauthn:extension:largeBlob: true, webauthn:extension:minPinLength: true, webauthn:extension:prf: true, webauthn:virtualAuthenticators: true}\nElement: [[ChromeDriver: chrome on windows (fe3417e838bf064fd9cfdfd3e0c07d45)] -> xpath: (//div[@title='Pre School'])[1]]\nSession ID: fe3417e838bf064fd9cfdfd3e0c07d45\r\n\tat java.base/jdk.internal.reflect.DirectConstructorHandleAccessor.newInstance(DirectConstructorHandleAccessor.java:62)\r\n\tat java.base/java.lang.reflect.Constructor.newInstanceWithCaller(Constructor.java:502)\r\n\tat java.base/java.lang.reflect.Constructor.newInstance(Constructor.java:486)\r\n\tat org.openqa.selenium.remote.ErrorCodec.decode(ErrorCodec.java:167)\r\n\tat org.openqa.selenium.remote.codec.w3c.W3CHttpResponseCodec.decode(W3CHttpResponseCodec.java:138)\r\n\tat org.openqa.selenium.remote.codec.w3c.W3CHttpResponseCodec.decode(W3CHttpResponseCodec.java:50)\r\n\tat org.openqa.selenium.remote.HttpCommandExecutor.execute(HttpCommandExecutor.java:190)\r\n\tat org.openqa.selenium.remote.service.DriverCommandExecutor.invokeExecute(DriverCommandExecutor.java:216)\r\n\tat org.openqa.selenium.remote.service.DriverCommandExecutor.execute(DriverCommandExecutor.java:174)\r\n\tat org.openqa.selenium.remote.RemoteWebDriver.execute(RemoteWebDriver.java:518)\r\n\tat org.openqa.selenium.remote.RemoteWebElement.execute(RemoteWebElement.java:223)\r\n\tat org.openqa.selenium.remote.RemoteWebElement.click(RemoteWebElement.java:76)\r\n\tat stepDefinition.Demo_Pricing.user_click_to_pre_school_and_next(Demo_Pricing.java:42)\r\n\tat ✽.user click to Pre school and next(file:///C:/Users/Admin/Desktop/Work/Digital_School_Cucumber/src/test/resources/features/Demo_Pricing.feature:9)\r\n"},"stage":"finished","steps":[],"attachments":[],"parameters":[],"start":1765956936911,"stop":1765956938052},{"name":"And  user click to openeducate, online admission and digital library and next","status":"skipped","statusDetails":{"known":false,"muted":false,"flaky":false},"stage":"finished","steps":[],"attachments":[],"parameters":[],"start":1765956938072,"stop":1765956938080},{"name":"And  user click to invoice, point of sale, recruitement and next","status":"skipped","statusDetails":{"known":false,"muted":false,"flaky":false},"stage":"finished","steps":[],"attachments":[],"parameters":[],"start":1765956938086,"stop":1765956938089},{"name":"And  user click to social media and next","status":"skipped","statusDetails":{"known":false,"muted":false,"flaky":false},"stage":"finished","steps":[],"attachments":[],"parameters":[],"start":1765956938090,"stop":1765956938093},{"name":"And  user click to '25' user and next","status":"skipped","statusDetails":{"known":false,"muted":false,"flaky":false},"stage":"finished","steps":[],"attachments":[],"parameters":[],"start":1765956938096,"stop":1765956938103},{"name":"And  user click to android and next","status":"skipped","statusDetails":{"known":false,"muted":false,"flaky":false},"stage":"finished","steps":[],"attachments":[],"parameters":[],"start":1765956938106,"stop":1765956938109},{"name":"And  user click to 25 hours and get quote","status":"skipped","statusDetails":{"known":false,"muted":false,"flaky":false},"stage":"finished","steps":[],"attachments":[],"parameters":[],"start":1765956938110,"stop":1765956938113},{"name":"Then  close the browser Demo_Pricing","status":"skipped","statusDetails":{"known":false,"muted":false,"flaky":false},"stage":"finished","steps":[],"attachments":[],"parameters":[],"start":1765956938121,"stop":1765956938125}],"attachments":[],"parameters":[],"start":1765956789992,"stop":1765956938175}